  game.c
c:\users\stewa\source\repos\dungeonclutter\dungeonclutter\game.c(39): warning C4013: 'free' undefined; assuming extern returning int
c:\users\stewa\source\repos\dungeonclutter\dungeonclutter\game.c(74): warning C4013: 'malloc' undefined; assuming extern returning int
c:\users\stewa\source\repos\dungeonclutter\dungeonclutter\game.c(79): warning C4047: '=': 'int **' differs in levels of indirection from 'int'
c:\users\stewa\source\repos\dungeonclutter\dungeonclutter\game.c(82): warning C4047: '=': 'int *' differs in levels of indirection from 'int'
c:\users\stewa\source\repos\dungeonclutter\dungeonclutter\game.c(99): warning C4013: 'exit' undefined; assuming extern returning int
c:\users\stewa\source\repos\dungeonclutter\dungeonclutter\game.c(34): warning C4090: 'initializing': different 'const' qualifiers
c:\users\stewa\source\repos\dungeonclutter\dungeonclutter\game.c(68): warning C4244: 'initializing': conversion from 'int' to 'float', possible loss of data
c:\users\stewa\source\repos\dungeonclutter\dungeonclutter\game.c(74): warning C4047: 'initializing': 'level *' differs in levels of indirection from 'int'
c:\users\stewa\source\repos\dungeonclutter\dungeonclutter\game.c(88): warning C4244: 'initializing': conversion from 'int' to 'float', possible loss of data
c:\users\stewa\source\repos\dungeonclutter\dungeonclutter\game.c(91): warning C4244: 'initializing': conversion from 'int' to 'float', possible loss of data
c:\users\stewa\source\repos\dungeonclutter\dungeonclutter\game.c(119): warning C4047: 'initializing': 'char *' differs in levels of indirection from 'int'
c:\users\stewa\source\repos\dungeonclutter\dungeonclutter\game.c(190): warning C4244: 'function': conversion from 'float' to 'int', possible loss of data
c:\users\stewa\source\repos\dungeonclutter\dungeonclutter\game.c(191): warning C4244: 'function': conversion from 'float' to 'int', possible loss of data
c:\users\stewa\source\repos\dungeonclutter\dungeonclutter\game.c(193): warning C4244: 'function': conversion from 'float' to 'int', possible loss of data
c:\users\stewa\source\repos\dungeonclutter\dungeonclutter\game.c(194): warning C4244: 'function': conversion from 'float' to 'int', possible loss of data
c:\users\stewa\source\repos\dungeonclutter\dungeonclutter\game.c(201): warning C4244: 'function': conversion from 'float' to 'int', possible loss of data
c:\users\stewa\source\repos\dungeonclutter\dungeonclutter\game.c(186): warning C4244: 'initializing': conversion from 'int' to 'float', possible loss of data
c:\users\stewa\source\repos\dungeonclutter\dungeonclutter\game.c(212): warning C4013: 'calloc' undefined; assuming extern returning int
c:\users\stewa\source\repos\dungeonclutter\dungeonclutter\game.c(212): warning C4047: '=': 'int *' differs in levels of indirection from 'int'
c:\users\stewa\source\repos\dungeonclutter\dungeonclutter\game.c(210): warning C4047: 'initializing': 'int **' differs in levels of indirection from 'int'
c:\users\stewa\source\repos\dungeonclutter\dungeonclutter\game.c(229): warning C4244: 'function': conversion from 'float' to 'int', possible loss of data
c:\users\stewa\source\repos\dungeonclutter\dungeonclutter\game.c(234): warning C4244: 'function': conversion from 'float' to 'int', possible loss of data
c:\users\stewa\source\repos\dungeonclutter\dungeonclutter\game.c(235): warning C4244: 'function': conversion from 'float' to 'int', possible loss of data
c:\users\stewa\source\repos\dungeonclutter\dungeonclutter\game.c(243): warning C4020: 'function through pointer': too many actual parameters
c:\users\stewa\source\repos\dungeonclutter\dungeonclutter\game.c(294): warning C4244: 'function': conversion from 'float' to 'int', possible loss of data
c:\users\stewa\source\repos\dungeonclutter\dungeonclutter\game.c(397): warning C4244: 'function': conversion from 'float' to 'int', possible loss of data
c:\users\stewa\source\repos\dungeonclutter\dungeonclutter\game.c(399): warning C4244: 'function': conversion from 'float' to 'int', possible loss of data
c:\users\stewa\source\repos\dungeonclutter\dungeonclutter\game.c(341): warning C4047: 'initializing': 'char *' differs in levels of indirection from 'int'
c:\users\stewa\source\repos\dungeonclutter\dungeonclutter\game.c(356): warning C4244: 'initializing': conversion from 'int' to 'float', possible loss of data
c:\users\stewa\source\repos\dungeonclutter\dungeonclutter\game.c(359): warning C4244: 'initializing': conversion from 'double' to 'float', possible loss of data
c:\users\stewa\source\repos\dungeonclutter\dungeonclutter\game.c(365): warning C4244: 'initializing': conversion from 'int' to 'float', possible loss of data
c:\users\stewa\source\repos\dungeonclutter\dungeonclutter\game.c(427): warning C4244: 'function': conversion from 'int' to 'float', possible loss of data
c:\users\stewa\source\repos\dungeonclutter\dungeonclutter\game.c(428): warning C4244: 'function': conversion from 'int' to 'float', possible loss of data
c:\users\stewa\source\repos\dungeonclutter\dungeonclutter\game.c(429): warning C4244: 'function': conversion from 'int' to 'float', possible loss of data
c:\users\stewa\source\repos\dungeonclutter\dungeonclutter\game.c(431): warning C4244: 'function': conversion from 'int' to 'float', possible loss of data
c:\users\stewa\source\repos\dungeonclutter\dungeonclutter\game.c(432): warning C4244: 'function': conversion from 'int' to 'float', possible loss of data
c:\users\stewa\source\repos\dungeonclutter\dungeonclutter\game.c(433): warning C4244: 'function': conversion from 'int' to 'float', possible loss of data
c:\users\stewa\source\repos\dungeonclutter\dungeonclutter\game.c(454): warning C4244: 'function': conversion from 'int' to 'float', possible loss of data
c:\users\stewa\source\repos\dungeonclutter\dungeonclutter\game.c(456): warning C4244: 'function': conversion from 'int' to 'float', possible loss of data
c:\users\stewa\source\repos\dungeonclutter\dungeonclutter\game.c(468): warning C4244: 'function': conversion from 'int' to 'float', possible loss of data
c:\users\stewa\source\repos\dungeonclutter\dungeonclutter\game.c(481): warning C4244: 'function': conversion from 'float' to 'int', possible loss of data
c:\users\stewa\source\repos\dungeonclutter\dungeonclutter\game.c(482): warning C4244: 'function': conversion from 'int' to 'float', possible loss of data
c:\users\stewa\source\repos\dungeonclutter\dungeonclutter\game.c(493): warning C4244: 'function': conversion from 'int' to 'float', possible loss of data
c:\users\stewa\source\repos\dungeonclutter\dungeonclutter\game.c(519): warning C4244: 'function': conversion from 'int' to 'float', possible loss of data
c:\users\stewa\source\repos\dungeonclutter\dungeonclutter\game.c(535): warning C4305: '+=': truncation from 'double' to 'float'
c:\users\stewa\source\repos\dungeonclutter\dungeonclutter\game.c(422): warning C4244: 'initializing': conversion from 'int' to 'float', possible loss of data
c:\users\stewa\source\repos\dungeonclutter\dungeonclutter\game.c(501): warning C4244: 'initializing': conversion from 'double' to 'float', possible loss of data
c:\users\stewa\source\repos\dungeonclutter\dungeonclutter\game.c(504): warning C4244: 'initializing': conversion from 'double' to 'float', possible loss of data
raylib.lib(core.obj) : warning LNK4075: ignoring '/EDITANDCONTINUE' due to '/OPT:ICF' specification
     Creating library C:\Users\stewa\source\repos\DungeonClutter\Release\DungeonClutter.lib and object C:\Users\stewa\source\repos\DungeonClutter\Release\DungeonClutter.exp
LINK : warning LNK4098: defaultlib 'LIBCMTD' conflicts with use of other libs; use /NODEFAULTLIB:library
  Generating code
  1 of 60 functions ( 1.7%) were compiled, the rest were copied from previous compilation.
    0 functions were new in current compilation
    1 functions had inline decision re-evaluated but remain unchanged
  Finished generating code
  DungeonClutter.vcxproj -> C:\Users\stewa\source\repos\DungeonClutter\Release\DungeonClutter.exe
