game.obj : error LNK2001: unresolved external symbol IsMouseButtonPressed
game.obj : error LNK2001: unresolved external symbol GetScreenWidth
game.obj : error LNK2001: unresolved external symbol GetMousePosition
game.obj : error LNK2001: unresolved external symbol PlaySound
game.obj : error LNK2001: unresolved external symbol DrawTextureEx
game.obj : error LNK2001: unresolved external symbol GetScreenHeight
game.obj : error LNK2001: unresolved external symbol IsKeyPressed
game.obj : error LNK2001: unresolved external symbol DrawRectangleV
game.obj : error LNK2001: unresolved external symbol DrawTextEx
main.obj : error LNK2001: unresolved external symbol HideCursor
main.obj : error LNK2001: unresolved external symbol SetTargetFPS
main.obj : error LNK2001: unresolved external symbol ClearBackground
main.obj : error LNK2001: unresolved external symbol MeasureTextEx
main.obj : error LNK2001: unresolved external symbol CloseAudioDevice
main.obj : error LNK2001: unresolved external symbol WindowShouldClose
main.obj : error LNK2001: unresolved external symbol BeginDrawing
main.obj : error LNK2001: unresolved external symbol InitAudioDevice
main.obj : error LNK2001: unresolved external symbol InitWindow
main.obj : error LNK2001: unresolved external symbol EndDrawing
sounds.obj : error LNK2001: unresolved external symbol LoadSound
sounds.obj : error LNK2001: unresolved external symbol UnloadSound
sprites.obj : error LNK2001: unresolved external symbol LoadFont
sprites.obj : error LNK2001: unresolved external symbol UnloadTexture
sprites.obj : error LNK2001: unresolved external symbol LoadTexture
sprites.obj : error LNK2001: unresolved external symbol UnloadFont
C:\Users\stewa\source\repos\DungeonClutter\x64\Release\DungeonClutter.exe : fatal error LNK1120: 25 unresolved externals
