c:\users\stewa\source\repos\dungeonclutter\dungeonclutter\debug\game.nativecodeanalysis.xml
c:\users\stewa\source\repos\dungeonclutter\dungeonclutter\debug\list.nativecodeanalysis.xml
c:\users\stewa\source\repos\dungeonclutter\dungeonclutter\debug\main.nativecodeanalysis.xml
c:\users\stewa\source\repos\dungeonclutter\dungeonclutter\debug\menu.nativecodeanalysis.xml
c:\users\stewa\source\repos\dungeonclutter\dungeonclutter\debug\objects.nativecodeanalysis.xml
c:\users\stewa\source\repos\dungeonclutter\dungeonclutter\debug\sounds.nativecodeanalysis.xml
c:\users\stewa\source\repos\dungeonclutter\dungeonclutter\debug\sprites.nativecodeanalysis.xml
c:\users\stewa\source\repos\dungeonclutter\dungeonclutter\debug\utils.nativecodeanalysis.xml
c:\users\stewa\source\repos\dungeonclutter\dungeonclutter\debug\vc141.pdb
c:\users\stewa\source\repos\dungeonclutter\dungeonclutter\debug\vc141.idb
c:\users\stewa\source\repos\dungeonclutter\dungeonclutter\debug\utils.obj
c:\users\stewa\source\repos\dungeonclutter\dungeonclutter\debug\sprites.obj
c:\users\stewa\source\repos\dungeonclutter\dungeonclutter\debug\sounds.obj
c:\users\stewa\source\repos\dungeonclutter\dungeonclutter\debug\objects.obj
c:\users\stewa\source\repos\dungeonclutter\dungeonclutter\debug\menu.obj
c:\users\stewa\source\repos\dungeonclutter\dungeonclutter\debug\main.obj
c:\users\stewa\source\repos\dungeonclutter\dungeonclutter\debug\list.obj
c:\users\stewa\source\repos\dungeonclutter\dungeonclutter\debug\game.obj
c:\users\stewa\source\repos\dungeonclutter\debug\dungeonclutter.lib
c:\users\stewa\source\repos\dungeonclutter\debug\dungeonclutter.exp
c:\users\stewa\source\repos\dungeonclutter\debug\dungeonclutter.exe
c:\users\stewa\source\repos\dungeonclutter\debug\dungeonclutter.ilk
c:\users\stewa\source\repos\dungeonclutter\debug\dungeonclutter.pdb
c:\users\stewa\source\repos\dungeonclutter\dungeonclutter\debug\nativecodeanalysis.read.1.tlog
c:\users\stewa\source\repos\dungeonclutter\dungeonclutter\debug\vc.nativecodeanalysis.all.xml
c:\users\stewa\source\repos\dungeonclutter\debug\dungeonclutter.exe.lastcodeanalysissucceeded
c:\users\stewa\source\repos\dungeonclutter\dungeonclutter\debug\dungeonclutter.tlog\cl.command.1.tlog
c:\users\stewa\source\repos\dungeonclutter\dungeonclutter\debug\dungeonclutter.tlog\cl.read.1.tlog
c:\users\stewa\source\repos\dungeonclutter\dungeonclutter\debug\dungeonclutter.tlog\cl.write.1.tlog
c:\users\stewa\source\repos\dungeonclutter\dungeonclutter\debug\dungeonclutter.tlog\dungeonclutter.write.1u.tlog
c:\users\stewa\source\repos\dungeonclutter\dungeonclutter\debug\dungeonclutter.tlog\link.command.1.tlog
c:\users\stewa\source\repos\dungeonclutter\dungeonclutter\debug\dungeonclutter.tlog\link.read.1.tlog
c:\users\stewa\source\repos\dungeonclutter\dungeonclutter\debug\dungeonclutter.tlog\link.write.1.tlog
